
================================================================================
Filter Efficiency Calculator
Mode: Single dataset test
Dataset: /TTToHcToWAToMuMu_MHc-85_MA-15_MultiLepFilter_TuneCP5_13TeV-madgraph-pythia8/RunIISummer20UL18MiniAODv2-106X_upgrade2018_realistic_v16_L1v1-v3/MINIAODSIM
Dry run: False
================================================================================

================================================================================
Processing: TTToHcToWAToMuMu_MHc-85_MA-15
Dataset: /TTToHcToWAToMuMu_MHc-85_MA-15_MultiLepFilter_TuneCP5_13TeV-madgraph-pythia8/RunIISummer20UL18MiniAODv2-106X_upgrade2018_realistic_v16_L1v1-v3/MINIAODSIM
================================================================================
  Querying DAS for files...
  Found 34 files
  Running cmsRun with 34 files...

  FULL STDOUT OUTPUT:
================================================================================
      0.003693      0.000094      0.018740             1
      0.003795      0.000098      0.018740             0
      0.003652      0.000094      0.018740             3
      0.001706      0.000044      0.018740             2
      0.001954      0.000051      0.018740             5
      0.003941      0.000107      0.018740             4
 

================================================================================

  FULL STDERR OUTPUT:
================================================================================
27-Apr-2026 13:00:05 KST  Initiating request to open file root://cms-xrd-global.cern.ch//store/mc/RunIISummer20UL18MiniAODv2/TTToHcToWAToMuMu_MHc-85_MA-15_MultiLepFilter_TuneCP5_13TeV-madgraph-pythia8/MINIAODSIM/106X_upgrade2018_realistic_v16_L1v1-v3/2540000/9AFDF375-C9B4-1E4F-8F5B-F28F22CCD892.root
Unable to load sec.protocol plugin libXrdSecztn.so
%MSG-w XrdAdaptor:  file_open 27-Apr-2026 13:00:13 KST pre-events
Data is served from fnal.gov instead of original site cern.ch
%MSG
27-Apr-2026 13:00:16 KST  Successfully opened file root://cms-xrd-global.cern.ch//store/mc/RunIISummer20UL18MiniAODv2/TTToHcToWAToMuMu_MHc-85_MA-15_MultiLepFilter_TuneCP5_13TeV-madgraph-pythia8/MINIAODSIM/106X_upgrade2018_realistic_v16_L1v1-v3/2540000/9AFDF375-C9B4-1E4F-8F5B-F28F22CCD892.root
Unable to load sec.protocol plugin libXrdSecztn.so
Begin processing the 1st record. Run 1, Event 318805, LumiSection 201 on stream 0 at 27-Apr-2026 13:00:25.843 KST
27-Apr-2026 13:00:25 KST  Closed file root://cms-xrd-global.cern.ch//store/mc/RunIISummer20UL18MiniAODv2/TTToHcToWAToMuMu_MHc-85_MA-15_MultiLepFilter_TuneCP5_13TeV-madgraph-pythia8/MINIAODSIM/106X_upgrade2018_realistic_v16_L1v1-v3/2540000/9AFDF375-C9B4-1E4F-8F5B-F28F22CCD892.root
27-Apr-2026 13:00:25 KST  Initiating request to open file root://cms-xrd-global.cern.ch//store/mc/RunIISummer20UL18MiniAODv2/TTToHcToWAToMuMu_MHc-85_MA-15_MultiLepFilter_TuneCP5_13TeV-madgraph-pythia8/MINIAODSIM/106X_upgrade2018_realistic_v16_L1v1-v3/2540000/EF89B10F-FABF-3348-88A4-195D3C27A9F5.root
Unable to load sec.protocol plugin libXrdSecztn.so
%MSG-w XrdAdaptor:  file_open 27-Apr-2026 13:00:31 KST PostProcessEvent
Data is served from fnal.gov instead of original site CERN-CMSGLOBAL-01
%MSG
27-Apr-2026 13:00:32 KST  Successfully opened file root://cms-xrd-global.cern.ch//store/mc/RunIISummer20UL18MiniAODv2/TTToHcToWAToMuMu_MHc-85_MA-15_MultiLepFilter_TuneCP5_13TeV-madgraph-pythia8/MINIAODSIM/106X_upgrade2018_realistic_v16_L1v1-v3/2540000/EF89B10F-FABF-3348-88A4-195D3C27A9F5.root
Unable to load sec.protocol plugin libXrdSecztn.so
27-Apr-2026 13:00:47 KST  Closed file root://cms-xrd-global.cern.ch//store/mc/RunIISummer20UL18MiniAODv2/TTToHcToWAToMuMu_MHc-85_MA-15_MultiLepFilter_TuneCP5_13TeV-madgraph-pythia8/MINIAODSIM/106X_upgrade2018_realistic_v16_L1v1-v3/2540000/EF89B10F-FABF-3348-88A4-195D3C27A9F5.root
27-Apr-2026 13:00:47 KST  Initiating request to open file root://cms-xrd-global.cern.ch//store/mc/RunIISummer20UL18MiniAODv2/TTToHcToWAToMuMu_MHc-85_MA-15_MultiLepFilter_TuneCP5_13TeV-madgraph-pythia8/MINIAODSIM/106X_upgrade2018_realistic_v16_L1v1-v3/2540000/5DDFA3EE-18B3-D544-B585-18AAD87678DA.root
%MSG-w XrdAdaptor:  file_open 27-Apr-2026 13:00:50 KST PostProcessEvent
Data is served from fnal.gov instead of original site CERN-CMSGLOBAL-01
%MSG
27-Apr-2026 13:00:51 KST  Successfully opened file root://cms-xrd-global.cern.ch//store/mc/RunIISummer20UL18MiniAODv2/TTToHcToWAToMuMu_MHc-85_MA-15_MultiLepFilter_TuneCP5_13TeV-madgraph-pythia8/MINIAODSIM/106X_upgrade2018_realistic_v16_L1v1-v3/2540000/5DDFA3EE-18B3-D544-B585-18AAD87678DA.root
27-Apr-2026 13:00:58 KST  Closed file root://cms-xrd-global.cern.ch//store/mc/RunIISummer20UL18MiniAODv2/TTToHcToWAToMuMu_MHc-85_MA-15_MultiLepFilter_TuneCP5_13TeV-madgraph-pythia8/MINIAODSIM/106X_upgrade2018_realistic_v16_L1v1-v3/2540000/5DDFA3EE-18B3-D544-B585-18AAD87678DA.root
27-Apr-2026 13:00:58 KST  Initiating request to open file root://cms-xrd-global.cern.ch//store/mc/RunIISummer20UL18MiniAODv2/TTToHcToWAToMuMu_MHc-85_MA-15_MultiLepFilter_TuneCP5_13TeV-madgraph-pythia8/MINIAODSIM/106X_upgrade2018_realistic_v16_L1v1-v3/2540000/8D2B2EBA-EFBA-C340-AD73-1467DC0FB885.root
%MSG-w XrdAdaptor:  file_open 27-Apr-2026 13:01:01 KST PostProcessEvent
Data is served from fnal.gov instead of original site CERN-CMSGLOBAL-01
%MSG
27-Apr-2026 13:01:02 KST  Successfully opened file root://cms-xrd-global.cern.ch//store/mc/RunIISummer20UL18MiniAODv2/TTToHcToWAToMuMu_MHc-85_MA-15_MultiLepFilter_TuneCP5_13TeV-madgraph-pythia8/MINIAODSIM/106X_upgrade2018_realistic_v16_L1v1-v3/2540000/8D2B2EBA-EFBA-C340-AD73-1467DC0FB885.root
27-Apr-2026 13:01:10 KST  Closed file root://cms-xrd-global.cern.ch//store/mc/RunIISummer20UL18MiniAODv2/TTToHcToWAToMuMu_MHc-85_MA-15_MultiLepFilter_TuneCP5_13TeV-madgraph-pythia8/MINIAODSIM/106X_upgrade2018_realistic_v16_L1v1-v3/2540000/8D2B2EBA-EFBA-C340-AD73-1467DC0FB885.root
27-Apr-2026 13:01:10 KST  Initiating request to open file root://cms-xrd-global.cern.ch//store/mc/RunIISummer20UL18MiniAODv2/TTToHcToWAToMuMu_MHc-85_MA-15_MultiLepFilter_TuneCP5_13TeV-madgraph-pythia8/MINIAODSIM/106X_upgrade2018_realistic_v16_L1v1-v3/2540000/5CB68426-8519-B747-94DC-EE95E2D890B2.root
%MSG-w XrdAdaptor:  file_open 27-Apr-2026 13:01:13 KST PostProcessEvent
Data is served from fnal.gov instead of original site CERN-CMSGLOBAL-01
%MSG
27-Apr-2026 13:01:14 KST  Successfully opened file root://cms-xrd-global.cern.ch//store/mc/RunIISummer20UL18MiniAODv2/TTToHcToWAToMuMu_MHc-85_MA-15_MultiLepFilter_TuneCP5_13TeV-madgraph-pythia8/MINIAODSIM/106X_upgrade2018_realistic_v16_L1v1-v3/2540000/5CB68426-8519-B747-94DC-EE95E2D890B2.root
27-Apr-2026 13:01:22 KST  Closed file root://cms-xrd-global.cern.ch//store/mc/RunIISummer20UL18MiniAODv2/TTToHcToWAToMuMu_MHc-85_MA-15_MultiLepFilter_TuneCP5_13TeV-madgraph-pythia8/MINIAODSIM/106X_upgrade2018_realistic_v16_L1v1-v3/2540000/5CB68426-8519-B747-94DC-EE95E2D890B2.root
27-Apr-2026 13:01:22 KST  Initiating request to open file root://cms-xrd-global.cern.ch//store/mc/RunIISummer20UL18MiniAODv2/TTToHcToWAToMuMu_MHc-85_MA-15_MultiLepFilter_TuneCP5_13TeV-madgraph-pythia8/MINIAODSIM/106X_upgrade2018_realistic_v16_L1v1-v3/2540000/56BD6988-049C-484E-8EFC-AA6381A64C12.root
%MSG-w XrdAdaptor:  file_open 27-Apr-2026 13:01:25 KST PostProcessEvent
Data is served from fnal.gov instead of original site CERN-CMSGLOBAL-01
%MSG
27-Apr-2026 13:01:26 KST  Successfully opened file root://cms-xrd-global.cern.ch//store/mc/RunIISummer20UL18MiniAODv2/TTToHcToWAToMuMu_MHc-85_MA-15_MultiLepFilter_TuneCP5_13TeV-madgraph-pythia8/MINIAODSIM/106X_upgrade2018_realistic_v16_L1v1-v3/2540000/56BD6988-049C-484E-8EFC-AA6381A64C12.root
27-Apr-2026 13:01:38 KST  Closed file root://cms-xrd-global.cern.ch//store/mc/RunIISummer20UL18MiniAODv2/TTToHcToWAToMuMu_MHc-85_MA-15_MultiLepFilter_TuneCP5_13TeV-madgraph-pythia8/MINIAODSIM/106X_upgrade2018_realistic_v16_L1v1-v3/2540000/56BD6988-049C-484E-8EFC-AA6381A64C12.root
27-Apr-2026 13:01:38 KST  Initiating request to open file root://cms-xrd-global.cern.ch//store/mc/RunIISummer20UL18MiniAODv2/TTToHcToWAToMuMu_MHc-85_MA-15_MultiLepFilter_TuneCP5_13TeV-madgraph-pythia8/MINIAODSIM/106X_upgrade2018_realistic_v16_L1v1-v3/2540000/A24D34FB-75A9-1241-9B4B-5143556B7D63.root
%MSG-w XrdAdaptor:  file_open 27-Apr-2026 13:01:41 KST PostProcessEvent
Data is served from fnal.gov instead of original site CERN-CMSGLOBAL-01
%MSG
27-Apr-2026 13:01:42 KST  Successfully opened file root://cms-xrd-global.cern.ch//store/mc/RunIISummer20UL18MiniAODv2/TTToHcToWAToMuMu_MHc-85_MA-15_MultiLepFilter_TuneCP5_13TeV-madgraph-pythia8/MINIAODSIM/106X_upgrade2018_realistic_v16_L1v1-v3/2540000/A24D34FB-75A9-1241-9B4B-5143556B7D63.root
27-Apr-2026 13:01:50 KST  Closed file root://cms-xrd-global.cern.ch//store/mc/RunIISummer20UL18MiniAODv2/TTToHcToWAToMuMu_MHc-85_MA-15_MultiLepFilter_TuneCP5_13TeV-madgraph-pythia8/MINIAODSIM/106X_upgrade2018_realistic_v16_L1v1-v3/2540000/A24D34FB-75A9-1241-9B4B-5143556B7D63.root
27-Apr-2026 13:01:50 KST  Initiating request to open file root://cms-xrd-global.cern.ch//store/mc/RunIISummer20UL18MiniAODv2/TTToHcToWAToMuMu_MHc-85_MA-15_MultiLepFilter_TuneCP5_13TeV-madgraph-pythia8/MINIAODSIM/106X_upgrade2018_realistic_v16_L1v1-v3/2540000/78356A41-01E1-C44A-8B70-D1BE8B6CA19B.root
%MSG-w XrdAdaptor:  file_open 27-Apr-2026 13:01:53 KST PostProcessEvent
Data is served from fnal.gov instead of original site CERN-CMSGLOBAL-01
%MSG
27-Apr-2026 13:01:54 KST  Successfully opened file root://cms-xrd-global.cern.ch//store/mc/RunIISummer20UL18MiniAODv2/TTToHcToWAToMuMu_MHc-85_MA-15_MultiLepFilter_TuneCP5_13TeV-madgraph-pythia8/MINIAODSIM/106X_upgrade2018_realistic_v16_L1v1-v3/2540000/78356A41-01E1-C44A-8B70-D1BE8B6CA19B.root
27-Apr-2026 13:02:05 KST  Closed file root://cms-xrd-global.cern.ch//store/mc/RunIISummer20UL18MiniAODv2/TTToHcToWAToMuMu_MHc-85_MA-15_MultiLepFilter_TuneCP5_13TeV-madgraph-pythia8/MINIAODSIM/106X_upgrade2018_realistic_v16_L1v1-v3/2540000/78356A41-01E1-C44A-8B70-D1BE8B6CA19B.root
27-Apr-2026 13:02:05 KST  Initiating request to open file root://cms-xrd-global.cern.ch//store/mc/RunIISummer20UL18MiniAODv2/TTToHcToWAToMuMu_MHc-85_MA-15_MultiLepFilter_TuneCP5_13TeV-madgraph-pythia8/MINIAODSIM/106X_upgrade2018_realistic_v16_L1v1-v3/2540000/101AD5FA-1398-CC44-B4F1-08B898AA1901.root
%MSG-w XrdAdaptor:  file_open 27-Apr-2026 13:02:08 KST PostProcessEvent
Data is served from fnal.gov instead of original site CERN-CMSGLOBAL-01
%MSG
27-Apr-2026 13:02:09 KST  Successfully opened file root://cms-xrd-global.cern.ch//store/mc/RunIISummer20UL18MiniAODv2/TTToHcToWAToMuMu_MHc-85_MA-15_MultiLepFilter_TuneCP5_13TeV-madgraph-pythia8/MINIAODSIM/106X_upgrade2018_realistic_v16_L1v1-v3/2540000/101AD5FA-1398-CC44-B4F1-08B898AA1901.root
27-Apr-2026 13:02:19 KST  Closed file root://cms-xrd-global.cern.ch//store/mc/RunIISummer20UL18MiniAODv2/TTToHcToWAToMuMu_MHc-85_MA-15_MultiLepFilter_TuneCP5_13TeV-madgraph-pythia8/MINIAODSIM/106X_upgrade2018_realistic_v16_L1v1-v3/2540000/101AD5FA-1398-CC44-B4F1-08B898AA1901.root
27-Apr-2026 13:02:19 KST  Initiating request to open file root://cms-xrd-global.cern.ch//store/mc/RunIISummer20UL18MiniAODv2/TTToHcToWAToMuMu_MHc-85_MA-15_MultiLepFilter_TuneCP5_13TeV-madgraph-pythia8/MINIAODSIM/106X_upgrade2018_realistic_v16_L1v1-v3/2540000/508B5500-5E21-2145-BE03-306F03F5FFF2.root
%MSG-w XrdAdaptor:  file_open 27-Apr-2026 13:02:21 KST PostProcessEvent
Data is served from fnal.gov instead of original site CERN-CMSGLOBAL-01
%MSG
27-Apr-2026 13:02:22 KST  Successfully opened file root://cms-xrd-global.cern.ch//store/mc/RunIISummer20UL18MiniAODv2/TTToHcToWAToMuMu_MHc-85_MA-15_MultiLepFilter_TuneCP5_13TeV-madgraph-pythia8/MINIAODSIM/106X_upgrade2018_realistic_v16_L1v1-v3/2540000/508B5500-5E21-2145-BE03-306F03F5FFF2.root
27-Apr-2026 13:02:30 KST  Closed file root://cms-xrd-global.cern.ch//store/mc/RunIISummer20UL18MiniAODv2/TTToHcToWAToMuMu_MHc-85_MA-15_MultiLepFilter_TuneCP5_13TeV-madgraph-pythia8/MINIAODSIM/106X_upgrade2018_realistic_v16_L1v1-v3/2540000/508B5500-5E21-2145-BE03-306F03F5FFF2.root
27-Apr-2026 13:02:30 KST  Initiating request to open file root://cms-xrd-global.cern.ch//store/mc/RunIISummer20UL18MiniAODv2/TTToHcToWAToMuMu_MHc-85_MA-15_MultiLepFilter_TuneCP5_13TeV-madgraph-pythia8/MINIAODSIM/106X_upgrade2018_realistic_v16_L1v1-v3/2540000/DA48943A-1987-934D-A76C-A4DAB33C571D.root
%MSG-w XrdAdaptor:  file_open 27-Apr-2026 13:02:33 KST PostProcessEvent
Data is served from fnal.gov instead of original site CERN-CMSGLOBAL-01
%MSG
27-Apr-2026 13:02:34 KST  Successfully opened file root://cms-xrd-global.cern.ch//store/mc/RunIISummer20UL18MiniAODv2/TTToHcToWAToMuMu_MHc-85_MA-15_MultiLepFilter_TuneCP5_13TeV-madgraph-pythia8/MINIAODSIM/106X_upgrade2018_realistic_v16_L1v1-v3/2540000/DA48943A-1987-934D-A76C-A4DAB33C571D.root
27-Apr-2026 13:02:40 KST  Closed file root://cms-xrd-global.cern.ch//store/mc/RunIISummer20UL18MiniAODv2/TTToHcToWAToMuMu_MHc-85_MA-15_MultiLepFilter_TuneCP5_13TeV-madgraph-pythia8/MINIAODSIM/106X_upgrade2018_realistic_v16_L1v1-v3/2540000/DA48943A-1987-934D-A76C-A4DAB33C571D.root
27-Apr-2026 13:02:40 KST  Initiating request to open file root://cms-xrd-global.cern.ch//store/mc/RunIISummer20UL18MiniAODv2/TTToHcToWAToMuMu_MHc-85_MA-15_MultiLepFilter_TuneCP5_13TeV-madgraph-pythia8/MINIAODSIM/106X_upgrade2018_realistic_v16_L1v1-v3/2540000/C3F99423-3BC1-A84D-AE48-4F0696CE8314.root
%MSG-w XrdAdaptor:  file_open 27-Apr-2026 13:02:43 KST PostProcessEvent
Data is served from fnal.gov instead of original site CERN-CMSGLOBAL-01
%MSG
27-Apr-2026 13:02:44 KST  Successfully opened file root://cms-xrd-global.cern.ch//store/mc/RunIISummer20UL18MiniAODv2/TTToHcToWAToMuMu_MHc-85_MA-15_MultiLepFilter_TuneCP5_13TeV-madgraph-pythia8/MINIAODSIM/106X_upgrade2018_realistic_v16_L1v1-v3/2540000/C3F99423-3BC1-A84D-AE48-4F0696CE8314.root
27-Apr-2026 13:02:50 KST  Closed file root://cms-xrd-global.cern.ch//store/mc/RunIISummer20UL18MiniAODv2/TTToHcToWAToMuMu_MHc-85_MA-15_MultiLepFilter_TuneCP5_13TeV-madgraph-pythia8/MINIAODSIM/106X_upgrade2018_realistic_v16_L1v1-v3/2540000/C3F99423-3BC1-A84D-AE48-4F0696CE8314.root
27-Apr-2026 13:02:50 KST  Initiating request to open file root://cms-xrd-global.cern.ch//store/mc/RunIISummer20UL18MiniAODv2/TTToHcToWAToMuMu_MHc-85_MA-15_MultiLepFilter_TuneCP5_13TeV-madgraph-pythia8/MINIAODSIM/106X_upgrade2018_realistic_v16_L1v1-v3/2540000/EE99E242-2691-6045-9FEF-494494E43B2E.root
%MSG-w XrdAdaptor:  file_open 27-Apr-2026 13:02:53 KST PostProcessEvent
Data is served from fnal.gov instead of original site CERN-CMSGLOBAL-01
%MSG
27-Apr-2026 13:02:54 KST  Successfully opened file root://cms-xrd-global.cern.ch//store/mc/RunIISummer20UL18MiniAODv2/TTToHcToWAToMuMu_MHc-85_MA-15_MultiLepFilter_TuneCP5_13TeV-madgraph-pythia8/MINIAODSIM/106X_upgrade2018_realistic_v16_L1v1-v3/2540000/EE99E242-2691-6045-9FEF-494494E43B2E.root
27-Apr-2026 13:03:02 KST  Closed file root://cms-xrd-global.cern.ch//store/mc/RunIISummer20UL18MiniAODv2/TTToHcToWAToMuMu_MHc-85_MA-15_MultiLepFilter_TuneCP5_13TeV-madgraph-pythia8/MINIAODSIM/106X_upgrade2018_realistic_v16_L1v1-v3/2540000/EE99E242-2691-6045-9FEF-494494E43B2E.root
27-Apr-2026 13:03:02 KST  Initiating request to open file root://cms-xrd-global.cern.ch//store/mc/RunIISummer20UL18MiniAODv2/TTToHcToWAToMuMu_MHc-85_MA-15_MultiLepFilter_TuneCP5_13TeV-madgraph-pythia8/MINIAODSIM/106X_upgrade2018_realistic_v16_L1v1-v3/2540000/493837D0-13D7-AC42-9E6A-31D09261A8D1.root
%MSG-w XrdAdaptor:  file_open 27-Apr-2026 13:03:05 KST PostProcessEvent
Data is served from fnal.gov instead of original site CERN-CMSGLOBAL-01
%MSG
27-Apr-2026 13:03:06 KST  Successfully opened file root://cms-xrd-global.cern.ch//store/mc/RunIISummer20UL18MiniAODv2/TTToHcToWAToMuMu_MHc-85_MA-15_MultiLepFilter_TuneCP5_13TeV-madgraph-pythia8/MINIAODSIM/106X_upgrade2018_realistic_v16_L1v1-v3/2540000/493837D0-13D7-AC42-9E6A-31D09261A8D1.root
27-Apr-2026 13:03:18 KST  Closed file root://cms-xrd-global.cern.ch//store/mc/RunIISummer20UL18MiniAODv2/TTToHcToWAToMuMu_MHc-85_MA-15_MultiLepFilter_TuneCP5_13TeV-madgraph-pythia8/MINIAODSIM/106X_upgrade2018_realistic_v16_L1v1-v3/2540000/493837D0-13D7-AC42-9E6A-31D09261A8D1.root
27-Apr-2026 13:03:18 KST  Initiating request to open file root://cms-xrd-global.cern.ch//store/mc/RunIISummer20UL18MiniAODv2/TTToHcToWAToMuMu_MHc-85_MA-15_MultiLepFilter_TuneCP5_13TeV-madgraph-pythia8/MINIAODSIM/106X_upgrade2018_realistic_v16_L1v1-v3/2540000/BB7BFF05-8119-8745-96D5-14E5C5F39BCF.root
%MSG-w XrdAdaptor:  file_open 27-Apr-2026 13:03:21 KST PostProcessEvent
Data is served from fnal.gov instead of original site CERN-CMSGLOBAL-01
%MSG
27-Apr-2026 13:03:22 KST  Successfully opened file root://cms-xrd-global.cern.ch//store/mc/RunIISummer20UL18MiniAODv2/TTToHcToWAToMuMu_MHc-85_MA-15_MultiLepFilter_TuneCP5_13TeV-madgraph-pythia8/MINIAODSIM/106X_upgrade2018_realistic_v16_L1v1-v3/2540000/BB7BFF05-8119-8745-96D5-14E5C5F39BCF.root
27-Apr-2026 13:03:30 KST  Closed file root://cms-xrd-global.cern.ch//store/mc/RunIISummer20UL18MiniAODv2/TTToHcToWAToMuMu_MHc-85_MA-15_MultiLepFilter_TuneCP5_13TeV-madgraph-pythia8/MINIAODSIM/106X_upgrade2018_realistic_v16_L1v1-v3/2540000/BB7BFF05-8119-8745-96D5-14E5C5F39BCF.root
27-Apr-2026 13:03:30 KST  Initiating request to open file root://cms-xrd-global.cern.ch//store/mc/RunIISummer20UL18MiniAODv2/TTToHcToWAToMuMu_MHc-85_MA-15_MultiLepFilter_TuneCP5_13TeV-madgraph-pythia8/MINIAODSIM/106X_upgrade2018_realistic_v16_L1v1-v3/2540000/E48E7730-CCA2-0E46-875C-9D9DF234A67C.root
%MSG-w XrdAdaptor:  file_open 27-Apr-2026 13:03:33 KST PostProcessEvent
Data is served from fnal.gov instead of original site CERN-CMSGLOBAL-01
%MSG
27-Apr-2026 13:03:33 KST  Successfully opened file root://cms-xrd-global.cern.ch//store/mc/RunIISummer20UL18MiniAODv2/TTToHcToWAToMuMu_MHc-85_MA-15_MultiLepFilter_TuneCP5_13TeV-madgraph-pythia8/MINIAODSIM/106X_upgrade2018_realistic_v16_L1v1-v3/2540000/E48E7730-CCA2-0E46-875C-9D9DF234A67C.root
27-Apr-2026 13:03:40 KST  Closed file root://cms-xrd-global.cern.ch//store/mc/RunIISummer20UL18MiniAODv2/TTToHcToWAToMuMu_MHc-85_MA-15_MultiLepFilter_TuneCP5_13TeV-madgraph-pythia8/MINIAODSIM/106X_upgrade2018_realistic_v16_L1v1-v3/2540000/E48E7730-CCA2-0E46-875C-9D9DF234A67C.root
27-Apr-2026 13:03:40 KST  Initiating request to open file root://cms-xrd-global.cern.ch//store/mc/RunIISummer20UL18MiniAODv2/TTToHcToWAToMuMu_MHc-85_MA-15_MultiLepFilter_TuneCP5_13TeV-madgraph-pythia8/MINIAODSIM/106X_upgrade2018_realistic_v16_L1v1-v3/2540000/0FADDBEB-0C9C-194F-B3E8-50DBC983C6C0.root
%MSG-w XrdAdaptor:  file_open 27-Apr-2026 13:03:43 KST PostProcessEvent
Data is served from fnal.gov instead of original site CERN-CMSGLOBAL-01
%MSG
27-Apr-2026 13:03:44 KST  Successfully opened file root://cms-xrd-global.cern.ch//store/mc/RunIISummer20UL18MiniAODv2/TTToHcToWAToMuMu_MHc-85_MA-15_MultiLepFilter_TuneCP5_13TeV-madgraph-pythia8/MINIAODSIM/106X_upgrade2018_realistic_v16_L1v1-v3/2540000/0FADDBEB-0C9C-194F-B3E8-50DBC983C6C0.root
27-Apr-2026 13:03:51 KST  Closed file root://cms-xrd-global.cern.ch//store/mc/RunIISummer20UL18MiniAODv2/TTToHcToWAToMuMu_MHc-85_MA-15_MultiLepFilter_TuneCP5_13TeV-madgraph-pythia8/MINIAODSIM/106X_upgrade2018_realistic_v16_L1v1-v3/2540000/0FADDBEB-0C9C-194F-B3E8-50DBC983C6C0.root
27-Apr-2026 13:03:51 KST  Initiating request to open file root://cms-xrd-global.cern.ch//store/mc/RunIISummer20UL18MiniAODv2/TTToHcToWAToMuMu_MHc-85_MA-15_MultiLepFilter_TuneCP5_13TeV-madgraph-pythia8/MINIAODSIM/106X_upgrade2018_realistic_v16_L1v1-v3/2540000/CDA0D6AB-CEF1-2F47-B4CB-0886258FB40E.root
%MSG-w XrdAdaptor:  file_open 27-Apr-2026 13:03:54 KST PostProcessEvent
Data is served from fnal.gov instead of original site CERN-CMSGLOBAL-01
%MSG
27-Apr-2026 13:03:55 KST  Successfully opened file root://cms-xrd-global.cern.ch//store/mc/RunIISummer20UL18MiniAODv2/TTToHcToWAToMuMu_MHc-85_MA-15_MultiLepFilter_TuneCP5_13TeV-madgraph-pythia8/MINIAODSIM/106X_upgrade2018_realistic_v16_L1v1-v3/2540000/CDA0D6AB-CEF1-2F47-B4CB-0886258FB40E.root
27-Apr-2026 13:04:01 KST  Closed file root://cms-xrd-global.cern.ch//store/mc/RunIISummer20UL18MiniAODv2/TTToHcToWAToMuMu_MHc-85_MA-15_MultiLepFilter_TuneCP5_13TeV-madgraph-pythia8/MINIAODSIM/106X_upgrade2018_realistic_v16_L1v1-v3/2540000/CDA0D6AB-CEF1-2F47-B4CB-0886258FB40E.root
27-Apr-2026 13:04:01 KST  Initiating request to open file root://cms-xrd-global.cern.ch//store/mc/RunIISummer20UL18MiniAODv2/TTToHcToWAToMuMu_MHc-85_MA-15_MultiLepFilter_TuneCP5_13TeV-madgraph-pythia8/MINIAODSIM/106X_upgrade2018_realistic_v16_L1v1-v3/2540000/4AF15E44-928A-504C-A1B2-514C90A1C039.root
%MSG-w XrdAdaptor:  file_open 27-Apr-2026 13:04:04 KST PostProcessEvent
Data is served from fnal.gov instead of original site CERN-CMSGLOBAL-01
%MSG
27-Apr-2026 13:04:05 KST  Successfully opened file root://cms-xrd-global.cern.ch//store/mc/RunIISummer20UL18MiniAODv2/TTToHcToWAToMuMu_MHc-85_MA-15_MultiLepFilter_TuneCP5_13TeV-madgraph-pythia8/MINIAODSIM/106X_upgrade2018_realistic_v16_L1v1-v3/2540000/4AF15E44-928A-504C-A1B2-514C90A1C039.root
27-Apr-2026 13:04:18 KST  Closed file root://cms-xrd-global.cern.ch//store/mc/RunIISummer20UL18MiniAODv2/TTToHcToWAToMuMu_MHc-85_MA-15_MultiLepFilter_TuneCP5_13TeV-madgraph-pythia8/MINIAODSIM/106X_upgrade2018_realistic_v16_L1v1-v3/2540000/4AF15E44-928A-504C-A1B2-514C90A1C039.root
27-Apr-2026 13:04:18 KST  Initiating request to open file root://cms-xrd-global.cern.ch//store/mc/RunIISummer20UL18MiniAODv2/TTToHcToWAToMuMu_MHc-85_MA-15_MultiLepFilter_TuneCP5_13TeV-madgraph-pythia8/MINIAODSIM/106X_upgrade2018_realistic_v16_L1v1-v3/2540000/4BB71576-73F6-5D4D-8754-DEA619E6D41C.root
%MSG-w XrdAdaptor:  file_open 27-Apr-2026 13:04:21 KST PostProcessEvent
Data is served from fnal.gov instead of original site CERN-CMSGLOBAL-01
%MSG
27-Apr-2026 13:04:22 KST  Successfully opened file root://cms-xrd-global.cern.ch//store/mc/RunIISummer20UL18MiniAODv2/TTToHcToWAToMuMu_MHc-85_MA-15_MultiLepFilter_TuneCP5_13TeV-madgraph-pythia8/MINIAODSIM/106X_upgrade2018_realistic_v16_L1v1-v3/2540000/4BB71576-73F6-5D4D-8754-DEA619E6D41C.root
27-Apr-2026 13:04:34 KST  Closed file root://cms-xrd-global.cern.ch//store/mc/RunIISummer20UL18MiniAODv2/TTToHcToWAToMuMu_MHc-85_MA-15_MultiLepFilter_TuneCP5_13TeV-madgraph-pythia8/MINIAODSIM/106X_upgrade2018_realistic_v16_L1v1-v3/2540000/4BB71576-73F6-5D4D-8754-DEA619E6D41C.root
27-Apr-2026 13:04:34 KST  Initiating request to open file root://cms-xrd-global.cern.ch//store/mc/RunIISummer20UL18MiniAODv2/TTToHcToWAToMuMu_MHc-85_MA-15_MultiLepFilter_TuneCP5_13TeV-madgraph-pythia8/MINIAODSIM/106X_upgrade2018_realistic_v16_L1v1-v3/2540000/0B408188-22EF-B74F-A548-9D86A72ED844.root
%MSG-w XrdAdaptor:  file_open 27-Apr-2026 13:04:37 KST PostProcessEvent
Data is served from fnal.gov instead of original site CERN-CMSGLOBAL-01
%MSG
27-Apr-2026 13:04:38 KST  Successfully opened file root://cms-xrd-global.cern.ch//store/mc/RunIISummer20UL18MiniAODv2/TTToHcToWAToMuMu_MHc-85_MA-15_MultiLepFilter_TuneCP5_13TeV-madgraph-pythia8/MINIAODSIM/106X_upgrade2018_realistic_v16_L1v1-v3/2540000/0B408188-22EF-B74F-A548-9D86A72ED844.root
27-Apr-2026 13:04:46 KST  Closed file root://cms-xrd-global.cern.ch//store/mc/RunIISummer20UL18MiniAODv2/TTToHcToWAToMuMu_MHc-85_MA-15_MultiLepFilter_TuneCP5_13TeV-madgraph-pythia8/MINIAODSIM/106X_upgrade2018_realistic_v16_L1v1-v3/2540000/0B408188-22EF-B74F-A548-9D86A72ED844.root
27-Apr-2026 13:04:46 KST  Initiating request to open file root://cms-xrd-global.cern.ch//store/mc/RunIISummer20UL18MiniAODv2/TTToHcToWAToMuMu_MHc-85_MA-15_MultiLepFilter_TuneCP5_13TeV-madgraph-pythia8/MINIAODSIM/106X_upgrade2018_realistic_v16_L1v1-v3/2540000/F781AE30-80B2-2247-AD2C-A6C058C5FD84.root
%MSG-w XrdAdaptor:  file_open 27-Apr-2026 13:04:50 KST PostProcessEvent
Data is served from fnal.gov instead of original site CERN-CMSGLOBAL-01
%MSG
27-Apr-2026 13:04:51 KST  Successfully opened file root://cms-xrd-global.cern.ch//store/mc/RunIISummer20UL18MiniAODv2/TTToHcToWAToMuMu_MHc-85_MA-15_MultiLepFilter_TuneCP5_13TeV-madgraph-pythia8/MINIAODSIM/106X_upgrade2018_realistic_v16_L1v1-v3/2540000/F781AE30-80B2-2247-AD2C-A6C058C5FD84.root
27-Apr-2026 13:05:02 KST  Closed file root://cms-xrd-global.cern.ch//store/mc/RunIISummer20UL18MiniAODv2/TTToHcToWAToMuMu_MHc-85_MA-15_MultiLepFilter_TuneCP5_13TeV-madgraph-pythia8/MINIAODSIM/106X_upgrade2018_realistic_v16_L1v1-v3/2540000/F781AE30-80B2-2247-AD2C-A6C058C5FD84.root
27-Apr-2026 13:05:02 KST  Initiating request to open file root://cms-xrd-global.cern.ch//store/mc/RunIISummer20UL18MiniAODv2/TTToHcToWAToMuMu_MHc-85_MA-15_MultiLepFilter_TuneCP5_13TeV-madgraph-pythia8/MINIAODSIM/106X_upgrade2018_realistic_v16_L1v1-v3/2540000/4348FFE1-66F8-914F-AC8E-A0E27D5F16DC.root
%MSG-w XrdAdaptor:  file_open 27-Apr-2026 13:05:05 KST PostProcessEvent
Data is served from fnal.gov instead of original site CERN-CMSGLOBAL-01
%MSG
27-Apr-2026 13:05:06 KST  Successfully opened file root://cms-xrd-global.cern.ch//store/mc/RunIISummer20UL18MiniAODv2/TTToHcToWAToMuMu_MHc-85_MA-15_MultiLepFilter_TuneCP5_13TeV-madgraph-pythia8/MINIAODSIM/106X_upgrade2018_realistic_v16_L1v1-v3/2540000/4348FFE1-66F8-914F-AC8E-A0E27D5F16DC.root
27-Apr-2026 13:05:18 KST  Closed file root://cms-xrd-global.cern.ch//store/mc/RunIISummer20UL18MiniAODv2/TTToHcToWAToMuMu_MHc-85_MA-15_MultiLepFilter_TuneCP5_13TeV-madgraph-pythia8/MINIAODSIM/106X_upgrade2018_realistic_v16_L1v1-v3/2540000/4348FFE1-66F8-914F-AC8E-A0E27D5F16DC.root
27-Apr-2026 13:05:18 KST  Initiating request to open file root://cms-xrd-global.cern.ch//store/mc/RunIISummer20UL18MiniAODv2/TTToHcToWAToMuMu_MHc-85_MA-15_MultiLepFilter_TuneCP5_13TeV-madgraph-pythia8/MINIAODSIM/106X_upgrade2018_realistic_v16_L1v1-v3/2540000/1AC6F1E4-03C1-8241-82B4-C49A01B4BF26.root
%MSG-w XrdAdaptor:  file_open 27-Apr-2026 13:05:21 KST PostProcessEvent
Data is served from fnal.gov instead of original site CERN-CMSGLOBAL-01
%MSG
27-Apr-2026 13:05:22 KST  Successfully opened file root://cms-xrd-global.cern.ch//store/mc/RunIISummer20UL18MiniAODv2/TTToHcToWAToMuMu_MHc-85_MA-15_MultiLepFilter_TuneCP5_13TeV-madgraph-pythia8/MINIAODSIM/106X_upgrade2018_realistic_v16_L1v1-v3/2540000/1AC6F1E4-03C1-8241-82B4-C49A01B4BF26.root
27-Apr-2026 13:05:32 KST  Closed file root://cms-xrd-global.cern.ch//store/mc/RunIISummer20UL18MiniAODv2/TTToHcToWAToMuMu_MHc-85_MA-15_MultiLepFilter_TuneCP5_13TeV-madgraph-pythia8/MINIAODSIM/106X_upgrade2018_realistic_v16_L1v1-v3/2540000/1AC6F1E4-03C1-8241-82B4-C49A01B4BF26.root
27-Apr-2026 13:05:32 KST  Initiating request to open file root://cms-xrd-global.cern.ch//store/mc/RunIISummer20UL18MiniAODv2/TTToHcToWAToMuMu_MHc-85_MA-15_MultiLepFilter_TuneCP5_13TeV-madgraph-pythia8/MINIAODSIM/106X_upgrade2018_realistic_v16_L1v1-v3/2540000/F1B9AB23-684D-A341-99A4-2696DF212B11.root
%MSG-w XrdAdaptor:  file_open 27-Apr-2026 13:05:35 KST PostProcessEvent
Data is served from fnal.gov instead of original site CERN-CMSGLOBAL-01
%MSG
27-Apr-2026 13:05:36 KST  Successfully opened file root://cms-xrd-global.cern.ch//store/mc/RunIISummer20UL18MiniAODv2/TTToHcToWAToMuMu_MHc-85_MA-15_MultiLepFilter_TuneCP5_13TeV-madgraph-pythia8/MINIAODSIM/106X_upgrade2018_realistic_v16_L1v1-v3/2540000/F1B9AB23-684D-A341-99A4-2696DF212B11.root
Begin processing the 100001st record. Run 1, Event 204249, LumiSection 129 on stream 0 at 27-Apr-2026 13:05:46.145 KST
27-Apr-2026 13:05:46 KST  Closed file root://cms-xrd-global.cern.ch//store/mc/RunIISummer20UL18MiniAODv2/TTToHcToWAToMuMu_MHc-85_MA-15_MultiLepFilter_TuneCP5_13TeV-madgraph-pythia8/MINIAODSIM/106X_upgrade2018_realistic_v16_L1v1-v3/2540000/F1B9AB23-684D-A341-99A4-2696DF212B11.root
27-Apr-2026 13:05:46 KST  Initiating request to open file root://cms-xrd-global.cern.ch//store/mc/RunIISummer20UL18MiniAODv2/TTToHcToWAToMuMu_MHc-85_MA-15_MultiLepFilter_TuneCP5_13TeV-madgraph-pythia8/MINIAODSIM/106X_upgrade2018_realistic_v16_L1v1-v3/2540000/D0BABACD-32A4-BD4B-8772-30619DA49796.root
%MSG-w XrdAdaptor:  file_open 27-Apr-2026 13:05:49 KST PostProcessEvent
Data is served from fnal.gov instead of original site CERN-CMSGLOBAL-01
%MSG
27-Apr-2026 13:05:50 KST  Successfully opened file root://cms-xrd-global.cern.ch//store/mc/RunIISummer20UL18MiniAODv2/TTToHcToWAToMuMu_MHc-85_MA-15_MultiLepFilter_TuneCP5_13TeV-madgraph-pythia8/MINIAODSIM/106X_upgrade2018_realistic_v16_L1v1-v3/2540000/D0BABACD-32A4-BD4B-8772-30619DA49796.root
27-Apr-2026 13:05:56 KST  Closed file root://cms-xrd-global.cern.ch//store/mc/RunIISummer20UL18MiniAODv2/TTToHcToWAToMuMu_MHc-85_MA-15_MultiLepFilter_TuneCP5_13TeV-madgraph-pythia8/MINIAODSIM/106X_upgrade2018_realistic_v16_L1v1-v3/2540000/D0BABACD-32A4-BD4B-8772-30619DA49796.root
27-Apr-2026 13:05:56 KST  Initiating request to open file root://cms-xrd-global.cern.ch//store/mc/RunIISummer20UL18MiniAODv2/TTToHcToWAToMuMu_MHc-85_MA-15_MultiLepFilter_TuneCP5_13TeV-madgraph-pythia8/MINIAODSIM/106X_upgrade2018_realistic_v16_L1v1-v3/2540000/F28C97CC-EF5C-3348-9C50-DAFC8371CA89.root
%MSG-w XrdAdaptor:  file_open 27-Apr-2026 13:05:59 KST PostProcessEvent
Data is served from fnal.gov instead of original site CERN-CMSGLOBAL-01
%MSG
27-Apr-2026 13:06:00 KST  Successfully opened file root://cms-xrd-global.cern.ch//store/mc/RunIISummer20UL18MiniAODv2/TTToHcToWAToMuMu_MHc-85_MA-15_MultiLepFilter_TuneCP5_13TeV-madgraph-pythia8/MINIAODSIM/106X_upgrade2018_realistic_v16_L1v1-v3/2540000/F28C97CC-EF5C-3348-9C50-DAFC8371CA89.root
27-Apr-2026 13:06:12 KST  Closed file root://cms-xrd-global.cern.ch//store/mc/RunIISummer20UL18MiniAODv2/TTToHcToWAToMuMu_MHc-85_MA-15_MultiLepFilter_TuneCP5_13TeV-madgraph-pythia8/MINIAODSIM/106X_upgrade2018_realistic_v16_L1v1-v3/2540000/F28C97CC-EF5C-3348-9C50-DAFC8371CA89.root
27-Apr-2026 13:06:12 KST  Initiating request to open file root://cms-xrd-global.cern.ch//store/mc/RunIISummer20UL18MiniAODv2/TTToHcToWAToMuMu_MHc-85_MA-15_MultiLepFilter_TuneCP5_13TeV-madgraph-pythia8/MINIAODSIM/106X_upgrade2018_realistic_v16_L1v1-v3/2540000/1ADDBEDF-BE8C-5A4D-9EF4-002D9F7F86F1.root
%MSG-w XrdAdaptor:  file_open 27-Apr-2026 13:06:15 KST PostProcessEvent
Data is served from fnal.gov instead of original site CERN-CMSGLOBAL-01
%MSG
27-Apr-2026 13:06:16 KST  Successfully opened file root://cms-xrd-global.cern.ch//store/mc/RunIISummer20UL18MiniAODv2/TTToHcToWAToMuMu_MHc-85_MA-15_MultiLepFilter_TuneCP5_13TeV-madgraph-pythia8/MINIAODSIM/106X_upgrade2018_realistic_v16_L1v1-v3/2540000/1ADDBEDF-BE8C-5A4D-9EF4-002D9F7F86F1.root
27-Apr-2026 13:06:22 KST  Closed file root://cms-xrd-global.cern.ch//store/mc/RunIISummer20UL18MiniAODv2/TTToHcToWAToMuMu_MHc-85_MA-15_MultiLepFilter_TuneCP5_13TeV-madgraph-pythia8/MINIAODSIM/106X_upgrade2018_realistic_v16_L1v1-v3/2540000/1ADDBEDF-BE8C-5A4D-9EF4-002D9F7F86F1.root
27-Apr-2026 13:06:22 KST  Initiating request to open file root://cms-xrd-global.cern.ch//store/mc/RunIISummer20UL18MiniAODv2/TTToHcToWAToMuMu_MHc-85_MA-15_MultiLepFilter_TuneCP5_13TeV-madgraph-pythia8/MINIAODSIM/106X_upgrade2018_realistic_v16_L1v1-v3/2540000/07ADAAB1-1A29-6E42-942B-D6EB63F50D50.root
%MSG-w XrdAdaptor:  file_open 27-Apr-2026 13:06:25 KST PostProcessEvent
Data is served from fnal.gov instead of original site CERN-CMSGLOBAL-01
%MSG
27-Apr-2026 13:06:26 KST  Successfully opened file root://cms-xrd-global.cern.ch//store/mc/RunIISummer20UL18MiniAODv2/TTToHcToWAToMuMu_MHc-85_MA-15_MultiLepFilter_TuneCP5_13TeV-madgraph-pythia8/MINIAODSIM/106X_upgrade2018_realistic_v16_L1v1-v3/2540000/07ADAAB1-1A29-6E42-942B-D6EB63F50D50.root
27-Apr-2026 13:06:34 KST  Closed file root://cms-xrd-global.cern.ch//store/mc/RunIISummer20UL18MiniAODv2/TTToHcToWAToMuMu_MHc-85_MA-15_MultiLepFilter_TuneCP5_13TeV-madgraph-pythia8/MINIAODSIM/106X_upgrade2018_realistic_v16_L1v1-v3/2540000/07ADAAB1-1A29-6E42-942B-D6EB63F50D50.root
27-Apr-2026 13:06:34 KST  Initiating request to open file root://cms-xrd-global.cern.ch//store/mc/RunIISummer20UL18MiniAODv2/TTToHcToWAToMuMu_MHc-85_MA-15_MultiLepFilter_TuneCP5_13TeV-madgraph-pythia8/MINIAODSIM/106X_upgrade2018_realistic_v16_L1v1-v3/2540000/4BB33747-D5C5-7149-9ACD-BE358FBC0512.root
%MSG-w XrdAdaptor:  file_open 27-Apr-2026 13:06:37 KST PostProcessEvent
Data is served from fnal.gov instead of original site CERN-CMSGLOBAL-01
%MSG
27-Apr-2026 13:06:38 KST  Successfully opened file root://cms-xrd-global.cern.ch//store/mc/RunIISummer20UL18MiniAODv2/TTToHcToWAToMuMu_MHc-85_MA-15_MultiLepFilter_TuneCP5_13TeV-madgraph-pythia8/MINIAODSIM/106X_upgrade2018_realistic_v16_L1v1-v3/2540000/4BB33747-D5C5-7149-9ACD-BE358FBC0512.root
27-Apr-2026 13:06:45 KST  Closed file root://cms-xrd-global.cern.ch//store/mc/RunIISummer20UL18MiniAODv2/TTToHcToWAToMuMu_MHc-85_MA-15_MultiLepFilter_TuneCP5_13TeV-madgraph-pythia8/MINIAODSIM/106X_upgrade2018_realistic_v16_L1v1-v3/2540000/4BB33747-D5C5-7149-9ACD-BE358FBC0512.root
27-Apr-2026 13:06:45 KST  Initiating request to open file root://cms-xrd-global.cern.ch//store/mc/RunIISummer20UL18MiniAODv2/TTToHcToWAToMuMu_MHc-85_MA-15_MultiLepFilter_TuneCP5_13TeV-madgraph-pythia8/MINIAODSIM/106X_upgrade2018_realistic_v16_L1v1-v3/2540000/803ED881-6CE0-2645-9948-E5877CD9A711.root
%MSG-w XrdAdaptor:  file_open 27-Apr-2026 13:06:47 KST PostProcessEvent
Data is served from fnal.gov instead of original site CERN-CMSGLOBAL-01
%MSG
27-Apr-2026 13:06:48 KST  Successfully opened file root://cms-xrd-global.cern.ch//store/mc/RunIISummer20UL18MiniAODv2/TTToHcToWAToMuMu_MHc-85_MA-15_MultiLepFilter_TuneCP5_13TeV-madgraph-pythia8/MINIAODSIM/106X_upgrade2018_realistic_v16_L1v1-v3/2540000/803ED881-6CE0-2645-9948-E5877CD9A711.root
27-Apr-2026 13:07:04 KST  Closed file root://cms-xrd-global.cern.ch//store/mc/RunIISummer20UL18MiniAODv2/TTToHcToWAToMuMu_MHc-85_MA-15_MultiLepFilter_TuneCP5_13TeV-madgraph-pythia8/MINIAODSIM/106X_upgrade2018_realistic_v16_L1v1-v3/2540000/803ED881-6CE0-2645-9948-E5877CD9A711.root
27-Apr-2026 13:07:04 KST  Initiating request to open file root://cms-xrd-global.cern.ch//store/mc/RunIISummer20UL18MiniAODv2/TTToHcToWAToMuMu_MHc-85_MA-15_MultiLepFilter_TuneCP5_13TeV-madgraph-pythia8/MINIAODSIM/106X_upgrade2018_realistic_v16_L1v1-v3/2540000/2F77B0D0-30E8-454E-9B9A-4B4F57098436.root
%MSG-w XrdAdaptor:  file_open 27-Apr-2026 13:07:07 KST PostProcessEvent
Data is served from fnal.gov instead of original site CERN-CMSGLOBAL-01
%MSG
27-Apr-2026 13:07:08 KST  Successfully opened file root://cms-xrd-global.cern.ch//store/mc/RunIISummer20UL18MiniAODv2/TTToHcToWAToMuMu_MHc-85_MA-15_MultiLepFilter_TuneCP5_13TeV-madgraph-pythia8/MINIAODSIM/106X_upgrade2018_realistic_v16_L1v1-v3/2540000/2F77B0D0-30E8-454E-9B9A-4B4F57098436.root
27-Apr-2026 13:07:16 KST  Closed file root://cms-xrd-global.cern.ch//store/mc/RunIISummer20UL18MiniAODv2/TTToHcToWAToMuMu_MHc-85_MA-15_MultiLepFilter_TuneCP5_13TeV-madgraph-pythia8/MINIAODSIM/106X_upgrade2018_realistic_v16_L1v1-v3/2540000/2F77B0D0-30E8-454E-9B9A-4B4F57098436.root
27-Apr-2026 13:07:16 KST  Initiating request to open file root://cms-xrd-global.cern.ch//store/mc/RunIISummer20UL18MiniAODv2/TTToHcToWAToMuMu_MHc-85_MA-15_MultiLepFilter_TuneCP5_13TeV-madgraph-pythia8/MINIAODSIM/106X_upgrade2018_realistic_v16_L1v1-v3/2540000/68CA4526-EEC0-3B48-8B53-F880045BD2E1.root
%MSG-w XrdAdaptor:  file_open 27-Apr-2026 13:07:19 KST PostProcessEvent
Data is served from fnal.gov instead of original site CERN-CMSGLOBAL-01
%MSG
27-Apr-2026 13:07:20 KST  Successfully opened file root://cms-xrd-global.cern.ch//store/mc/RunIISummer20UL18MiniAODv2/TTToHcToWAToMuMu_MHc-85_MA-15_MultiLepFilter_TuneCP5_13TeV-madgraph-pythia8/MINIAODSIM/106X_upgrade2018_realistic_v16_L1v1-v3/2540000/68CA4526-EEC0-3B48-8B53-F880045BD2E1.root
27-Apr-2026 13:07:30 KST  Closed file root://cms-xrd-global.cern.ch//store/mc/RunIISummer20UL18MiniAODv2/TTToHcToWAToMuMu_MHc-85_MA-15_MultiLepFilter_TuneCP5_13TeV-madgraph-pythia8/MINIAODSIM/106X_upgrade2018_realistic_v16_L1v1-v3/2540000/68CA4526-EEC0-3B48-8B53-F880045BD2E1.root
27-Apr-2026 13:07:30 KST  Initiating request to open file root://cms-xrd-global.cern.ch//store/mc/RunIISummer20UL18MiniAODv2/TTToHcToWAToMuMu_MHc-85_MA-15_MultiLepFilter_TuneCP5_13TeV-madgraph-pythia8/MINIAODSIM/106X_upgrade2018_realistic_v16_L1v1-v3/2540000/53091F50-0B2B-8243-94BA-5EDBF68196D5.root
%MSG-w XrdAdaptor:  file_open 27-Apr-2026 13:07:33 KST PostProcessEvent
Data is served from fnal.gov instead of original site CERN-CMSGLOBAL-01
%MSG
27-Apr-2026 13:07:34 KST  Successfully opened file root://cms-xrd-global.cern.ch//store/mc/RunIISummer20UL18MiniAODv2/TTToHcToWAToMuMu_MHc-85_MA-15_MultiLepFilter_TuneCP5_13TeV-madgraph-pythia8/MINIAODSIM/106X_upgrade2018_realistic_v16_L1v1-v3/2540000/53091F50-0B2B-8243-94BA-5EDBF68196D5.root
27-Apr-2026 13:07:46 KST  Closed file root://cms-xrd-global.cern.ch//store/mc/RunIISummer20UL18MiniAODv2/TTToHcToWAToMuMu_MHc-85_MA-15_MultiLepFilter_TuneCP5_13TeV-madgraph-pythia8/MINIAODSIM/106X_upgrade2018_realistic_v16_L1v1-v3/2540000/53091F50-0B2B-8243-94BA-5EDBF68196D5.root

------------------------------------
GenXsecAnalyzer:
------------------------------------
-------------------------------------------------------------------------------------------------------------------------------------------------------------------------- 
Overall cross-section summary 
--------------------------------------------------------------------------------------------------------------------------------------------------------------------------
Process		xsec_before [pb]		passed	nposw	nnegw	tried	nposw	nnegw 	xsec_match [pb]			accepted [%]	 event_eff [%]
0		3.813e-03 +/- 1.333e-06		61995	61995	0	61995	61995	0	3.813e-03 +/- 1.333e-06		100.0 +/- 0.0	100.0 +/- 0.0
1		3.817e-03 +/- 1.317e-06		62334	62334	0	62334	62334	0	3.817e-03 +/- 1.317e-06		100.0 +/- 0.0	100.0 +/- 0.0
2		1.906e-03 +/- 8.194e-07		31165	31165	0	31165	31165	0	1.906e-03 +/- 8.194e-07		100.0 +/- 0.0	100.0 +/- 0.0
3		3.808e-03 +/- 1.384e-06		62190	62190	0	62190	62190	0	3.808e-03 +/- 1.384e-06		100.0 +/- 0.0	100.0 +/- 0.0
4		3.811e-03 +/- 1.374e-06		62065	62065	0	62065	62065	0	3.811e-03 +/- 1.374e-06		100.0 +/- 0.0	100.0 +/- 0.0
5		1.904e-03 +/- 9.444e-07		31177	31177	0	31177	31177	0	1.904e-03 +/- 9.444e-07		100.0 +/- 0.0	100.0 +/- 0.0
-------------------------------------------------------------------------------------------------------------------------------------------------------------------------- 
Total		1.906e-02 +/- 2.979e-06		310926	310926	0	310926	310926	0	1.906e-02 +/- 2.979e-06		100.0 +/- 0.0	100.0 +/- 0.0
--------------------------------------------------------------------------------------------------------------------------------------------------------------------------
Before matching: total cross section = 1.906e-02 +- 2.979e-06 pb
After matching: total cross section = 1.906e-02 +- 2.979e-06 pb
Matching efficiency = 1.0 +/- 0.0   [TO BE USED IN MCM]
Filter efficiency (taking into account weights)= (3674.73) / (5928.76) = 6.198e-01 +- 8.706e-04
Filter efficiency (event-level)= (192717) / (310926) = 6.198e-01 +- 8.706e-04    [TO BE USED IN MCM]

After filter: final cross section = 1.181e-02 +- 1.670e-05 pb
After filter: final fraction of events with negative weights = 0.000e+00 +- 0.000e+00
After filter: final equivalent lumi for 1M events (1/fb) = 8.465e+04 +- 1.466e+02

=============================================

MessageLogger Summary

 type     category        sev    module        subroutine        count    total
 ---- -------------------- -- ---------------- ----------------  -----    -----
    1 GenXSecAnalyzer      -w GenXSecAnalyzer:                      20       20
    2 XrdAdaptor           -w file_open                             34       34
    3 fileAction           -s file_close                            34       34
    4 fileAction           -s file_open                             68       68

 type    category    Examples: run/evt        run/evt          run/evt
 ---- -------------------- ---------------- ---------------- ----------------
    1 GenXSecAnalyzer      PostGlobalEndRun PostGlobalEndRun PostGlobalEndRun
    2 XrdAdaptor           pre-events       PostProcessEvent PostProcessEvent
    3 fileAction           PostProcessEvent PostProcessEvent PostGlobalEndRun
    4 fileAction           pre-events       pre-events       PostProcessEvent

Severity    # Occurrences   Total Occurrences
--------    -------------   -----------------
Warning                54                  54
System                102                 102

dropped waiting message count 0

================================================================================
  SUCCESS!
    Filter efficiency: 0.619800
    Cross section: 0.011810 pb
    Total files: 34
    Total events: None

================================================================================
Results saved to: /home/choij/local/workspace/SKNanoMaker_Run2_CMSSW_10_6_28/src/Configuration/CustomNanoAOD/FilterEff/results_sample.json
Processed 1 datasets successfully
================================================================================

================================================================================
Result for single dataset:
{
  "TTToHcToWAToMuMu_MHc-85_MA-15": {
    "filter_efficiency": 0.6198,
    "filter_efficiency_error": 0.0008706,
    "cross_section": 0.01181,
    "cross_section_error": 1.67e-05,
    "total_files": 34,
    "total_events": null
  }
}

Saved to: /home/choij/local/workspace/SKNanoMaker_Run2_CMSSW_10_6_28/src/Configuration/CustomNanoAOD/FilterEff/sample_TTToHcToWAToMuMu_MHc-85_MA-15.json
================================================================================

Done!
